<?xml version="1.0" encoding="UTF-8" ?>
<testsuite tests="5" failures="1" name="TestSuite" time="45.743" errors="0" skipped="0">
  <properties>
    <property name="java.runtime.name" value="Java(TM) SE Runtime Environment"/>
    <property name="sun.boot.library.path" value="E:\SOFTWARE\SELENIUM\jdk1.8.0_131\jre\bin"/>
    <property name="java.vm.version" value="25.131-b11"/>
    <property name="java.vm.vendor" value="Oracle Corporation"/>
    <property name="maven.multiModuleProjectDirectory" value="E:\SOFTWARE\SELENIUM\Eclipse_Workspace\SeleniumTesting"/>
    <property name="java.vendor.url" value="http://java.oracle.com/"/>
    <property name="path.separator" value=";"/>
    <property name="guice.disable.misplaced.annotation.check" value="true"/>
    <property name="java.vm.name" value="Java HotSpot(TM) Client VM"/>
    <property name="file.encoding.pkg" value="sun.io"/>
    <property name="user.script" value=""/>
    <property name="user.country" value="US"/>
    <property name="sun.java.launcher" value="SUN_STANDARD"/>
    <property name="sun.os.patch.level" value=""/>
    <property name="java.vm.specification.name" value="Java Virtual Machine Specification"/>
    <property name="user.dir" value="E:\SOFTWARE\SELENIUM\Eclipse_Workspace\SeleniumTesting"/>
    <property name="java.runtime.version" value="1.8.0_131-b11"/>
    <property name="java.awt.graphicsenv" value="sun.awt.Win32GraphicsEnvironment"/>
    <property name="java.endorsed.dirs" value="E:\SOFTWARE\SELENIUM\jdk1.8.0_131\jre\lib\endorsed"/>
    <property name="os.arch" value="x86"/>
    <property name="java.io.tmpdir" value="C:\Windows\TEMP\"/>
    <property name="line.separator" value="
"/>
    <property name="java.vm.specification.vendor" value="Oracle Corporation"/>
    <property name="user.variant" value=""/>
    <property name="os.name" value="Windows 7"/>
    <property name="classworlds.conf" value="E:\SOFTWARE\SELENIUM\Eclipse_Workspace\.metadata\.plugins\org.eclipse.m2e.launching\launches\m2conf1736653118298437443.tmp"/>
    <property name="sun.jnu.encoding" value="Cp1252"/>
    <property name="java.library.path" value="E:\SOFTWARE\SELENIUM\jdk1.8.0_131\jre\bin;C:\Windows\Sun\Java\bin;C:\Windows\system32;C:\Windows;C:/Program Files/Java/jdk1.7.0_79/bin/../jre/bin/client;C:/Program Files/Java/jdk1.7.0_79/bin/../jre/bin;C:/Program Files/Java/jdk1.7.0_79/bin/../jre/lib/i386;E:\SOFTWARE\SELENIUM\apache-maven-3.5.0\bin;C:\Program Files\Java\jdk1.7.0_79\bin;C:\Windows\system32\E:\SOFTWARE\SELENIUM\apache-maven-3.5.0\bin;C:\Program Files\Skype\Phone\;E:\SOFTWARE\SELENIUM\eclipse_mars_all;;."/>
    <property name="java.specification.name" value="Java Platform API Specification"/>
    <property name="java.class.version" value="52.0"/>
    <property name="sun.management.compiler" value="HotSpot Client Compiler"/>
    <property name="os.version" value="6.1"/>
    <property name="user.home" value="C:\Users\Welcome"/>
    <property name="user.timezone" value="Asia/Calcutta"/>
    <property name="java.awt.printerjob" value="sun.awt.windows.WPrinterJob"/>
    <property name="java.specification.version" value="1.8"/>
    <property name="file.encoding" value="Cp1252"/>
    <property name="user.name" value="Welcome"/>
    <property name="java.class.path" value="/E:/SOFTWARE/SELENIUM/eclipse_mars_all/plugins/org.eclipse.m2e.maven.runtime_1.6.2.20150902-0001/jars/plexus-classworlds-2.5.2.jar"/>
    <property name="java.vm.specification.version" value="1.8"/>
    <property name="sun.arch.data.model" value="32"/>
    <property name="java.home" value="E:\SOFTWARE\SELENIUM\jdk1.8.0_131\jre"/>
    <property name="sun.java.command" value="org.codehaus.plexus.classworlds.launcher.Launcher -B test"/>
    <property name="java.specification.vendor" value="Oracle Corporation"/>
    <property name="user.language" value="en"/>
    <property name="awt.toolkit" value="sun.awt.windows.WToolkit"/>
    <property name="java.vm.info" value="mixed mode"/>
    <property name="java.version" value="1.8.0_131"/>
    <property name="java.ext.dirs" value="E:\SOFTWARE\SELENIUM\jdk1.8.0_131\jre\lib\ext;C:\Windows\Sun\Java\lib\ext"/>
    <property name="sun.boot.class.path" value="E:\SOFTWARE\SELENIUM\jdk1.8.0_131\jre\lib\resources.jar;E:\SOFTWARE\SELENIUM\jdk1.8.0_131\jre\lib\rt.jar;E:\SOFTWARE\SELENIUM\jdk1.8.0_131\jre\lib\sunrsasign.jar;E:\SOFTWARE\SELENIUM\jdk1.8.0_131\jre\lib\jsse.jar;E:\SOFTWARE\SELENIUM\jdk1.8.0_131\jre\lib\jce.jar;E:\SOFTWARE\SELENIUM\jdk1.8.0_131\jre\lib\charsets.jar;E:\SOFTWARE\SELENIUM\jdk1.8.0_131\jre\lib\jfr.jar;E:\SOFTWARE\SELENIUM\jdk1.8.0_131\jre\classes"/>
    <property name="java.vendor" value="Oracle Corporation"/>
    <property name="maven.home" value="E:\SOFTWARE\SELENIUM\Eclipse_Workspace\SeleniumTesting\EMBEDDED"/>
    <property name="file.separator" value="\"/>
    <property name="java.vendor.url.bug" value="http://bugreport.sun.com/bugreport/"/>
    <property name="sun.cpu.endian" value="little"/>
    <property name="sun.io.unicode.encoding" value="UnicodeLittle"/>
    <property name="sun.desktop" value="windows"/>
    <property name="sun.cpu.isalist" value="pentium_pro+mmx pentium_pro pentium+mmx pentium i486 i386 i86"/>
  </properties>
  <testcase classname="com.local.home.selenium.testing.GoogleSearchTest" name="testChromeDriverSelenium" time="45.689"/>
  <testcase classname="com.test.TestProperties" name="testProperties" time="0.054">
    <failure message="E:\SOFTWARE\SELENIUM\Eclipse_Workspace\SeleniumTestingE:\SOFTWARE\SELENIUM\Eclipse_Workspace\SeleniumTesting\src\test\java\com\test\Test1.properties (The filename, directory name, or volume label syntax is incorrect)" type="java.io.FileNotFoundException">java.io.FileNotFoundException: E:\SOFTWARE\SELENIUM\Eclipse_Workspace\SeleniumTestingE:\SOFTWARE\SELENIUM\Eclipse_Workspace\SeleniumTesting\src\test\java\com\test\Test1.properties (The filename, directory name, or volume label syntax is incorrect)
	at java.io.FileInputStream.open0(Native Method)
	at java.io.FileInputStream.open(FileInputStream.java:195)
	at java.io.FileInputStream.&lt;init&gt;(FileInputStream.java:138)
	at java.io.FileReader.&lt;init&gt;(FileReader.java:72)
	at com.test.TestBase.loadData(TestBase.java:15)
	at com.test.TestBase.getObject(TestBase.java:21)
	at com.test.TestProperties.testProperties(TestProperties.java:15)
</failure>
  </testcase>
  <testcase classname="com.test.PriorityWiseTest" name="login" time="0"/>
  <testcase classname="com.test.PriorityWiseTest" name="logout" time="0"/>
  <testcase classname="com.test.PriorityWiseTest" name="search" time="0"/>
</testsuite>